<?xml version="1.0" encoding="UTF-8"?>
<!-- Generated by org.testng.reporters.JUnitReportReporter -->
<testsuite hostname="ASUS_TUF-F15" failures="0" tests="1" name="com.auto.exam.tests.SampleTest" time="46.760" errors="0" timestamp="2025-07-31T18:36:58 IST" skipped="0">
  <testcase classname="com.auto.exam.tests.SampleTest" name="openHomepage" time="46.760"/>
</testsuite> <!-- com.auto.exam.tests.SampleTest -->
